#############################################
#                quantiNemo 2               #
#   version 2.0.0 [Jan 24 2018; 12:08:46]   #
#       Commit N° : b1787ad-dirty           #
#                                           #
#              Simulation log               #
# simulation started on 24-01-2018 17:34:06 #
#              (log as input)               #
#############################################


## simulation
_settings_file mutationKAM.ini
folder neutral_genetic/mutationKAM
seed {1516811646 1842}

## metapop
generations 4000
patch_capacity 10000

## ntrl
ntrl_all 11
ntrl_genot_logtime 1000
ntrl_ini_allele_model 1
ntrl_loci 1
ntrl_mutation_model 0
ntrl_mutation_rate 1e-3
ntrl_save_genotype 1

## save_stats
stat {n.adlt.nbAll n.adlt.ho n.adlt.hs}


#############################################
#  simulation ended on 24-01-2018 17:34:23  #
#                                           #
#  duration of the simulation was 00:00:17  #
#############################################
