#############################################
#                quantiNemo 2               #
#   version 2.0.0 [Jan 24 2018; 12:08:46]   #
#       Commit N° : b1787ad-dirty           #
#                                           #
#              Simulation log               #
# simulation started on 24-01-2018 17:37:00 #
#              (log as input)               #
#############################################


## simulation
_settings_file fur2.ini
filename fur2
folder fur
replicates 50
seed {1516811820 1907}

## metapop
generations 200
patch_capacity 1000

## quanti
quanti_all 2
quanti_allelic_file fur_alleles.txt
quanti_dominance_file fur_dominance.txt
quanti_dominance_model 0
quanti_epistatic_file fur_epistasis.txt
quanti_fitness_landscape {1 0 1}
quanti_ini_genotypes fur_ini_geno.txt
quanti_loci 2
quanti_phenotype_landscape {0 0.5 1}
quanti_selection_model 3

## breed
mating_nb_offspring_model 2
mating_system 3
mean_fecundity 10

## save_stats
stat {adlt.nbInd q.adlt.a.freq}
stat_save 0

## regulation_offspring
regulation_model_offspring 1


#############################################
#  simulation ended on 24-01-2018 17:37:26  #
#                                           #
#  duration of the simulation was 00:00:26  #
#############################################
