#############################################
#                quantiNemo 2               #
#   version 2.0.0 [Jan 24 2018; 12:08:46]   #
#       Commit N° : b1787ad-dirty           #
#                                           #
#              Simulation log               #
# simulation started on 24-01-2018 17:33:37 #
#              (log as input)               #
#############################################


## simulation
_settings_file Demo2.ini
folder demography/logistic
seed {1516811617 1845}

## metapop
generations 20
patch_capacity 1000
patch_ini_size 4

## breed
growth_rate 1.5
mating_nb_offspring_model 8

## save_stats
stat {adlt.nbInd fem.meanFec}


#############################################
#  simulation ended on 24-01-2018 17:33:37  #
#                                           #
#  duration of the simulation was 00:00:00  #
#############################################
