#############################################
#           q u a n t i N E M O 2           #
#   version 0.9.0 [Nov 20 2017; 11:27:43]   #
#                                           #
#              Simulation log               #
# simulation started on 22-11-2017 14:29:57 #
#              (log as input)               #
#############################################


## simulation
_settings_file linkage.ini
folder neutral_genetic/linkage
seed {1511357397 5492}

## metapop
generations 102
patch_capacity (1 10000, 100 10, 101 10000)

## ntrl
ntrl_all 2
ntrl_genome {{0.5 0.8 1.1}{0.2}{0.2}{0.2}}
ntrl_genot_logtime (1 1, 2 100, 101 102)
ntrl_ini_allele_model 0
ntrl_loci 6
ntrl_locus_index {1 4 2 5 3 6}
ntrl_mutation_rate 1e-5
ntrl_save_genotype 1

## save_stats
stat {adlt.nbInd n.adlt.nbFixLoc q.adlt.R2}


#############################################
#  simulation ended on 22-11-2017 14:29:59  #
#                                           #
#  duration of the simulation was 00:00:02  #
#############################################
