#############################################
#           q u a n t i N E M O 2           #
#   version 0.9.0 [Nov 20 2017; 11:27:43]   #
#                                           #
#              Simulation log               #
# simulation started on 20-11-2017 12:55:46 #
#              (log as input)               #
#############################################


## simulation
_settings_file colonisation1.ini
folder demography/colonisation1
seed {1511178946 5033}

## metapop
generations 200
patch_capacity 500
patch_ini_size {4 rep(0,5)}
patch_number 6

## breed
growth_rate 0.5
mating_nb_offspring_model 8
mating_system 3

## save_stats
stat {adlt.nbInd emigrants fem.meanFec adlt.nbInd_p}

## dispersal
dispersal_border_model 2
dispersal_model 2
dispersal_rate 0.005

## regulation_adults
regulation_model_adults 1


#############################################
#  simulation ended on 20-11-2017 12:55:46  #
#                                           #
#  duration of the simulation was 00:00:00  #
#############################################
